<?xml version="1.0" encoding="UTF-8"?>
<!-- Generated by org.testng.reporters.JUnitReportReporter -->
<testsuite hostname="Mohammads-MacBook-Air.local" failures="0" tests="2" name="demoblaze.ecom.CartTest" time="9.477" errors="0" timestamp="2024-10-07T16:39:38 IST" skipped="0">
  <testcase classname="demoblaze.ecom.CartTest" name="editCart" time="5.047"/>
  <testcase classname="demoblaze.ecom.CartTest" name="order" time="4.430"/>
</testsuite> <!-- demoblaze.ecom.CartTest -->
