<?xml version="1.0" encoding="UTF-8"?>
<!-- Generated by org.testng.reporters.JUnitReportReporter -->
<testsuite hostname="Mohammads-MacBook-Air.local" failures="0" tests="1" name="demoblaze.ecom.LoginTest" time="18.240" errors="0" timestamp="2024-10-07T16:39:38 IST" skipped="0">
  <testcase classname="demoblaze.ecom.LoginTest" name="loginCheck" time="18.240"/>
</testsuite> <!-- demoblaze.ecom.LoginTest -->
