<?xml version="1.0" encoding="UTF-8"?>
<!-- Generated by org.testng.reporters.JUnitReportReporter -->
<testsuite hostname="Mohammads-MacBook-Air.local" failures="0" tests="1" name="demoblaze.ecom.LogoutTest" time="7.729" errors="0" timestamp="2024-10-07T16:39:38 IST" skipped="0">
  <testcase classname="demoblaze.ecom.LogoutTest" name="logoutCheck" time="7.729"/>
</testsuite> <!-- demoblaze.ecom.LogoutTest -->
